-------------------------------------------------------------------------------
Test set: com.vytrack.runners.CukesRunner
-------------------------------------------------------------------------------
Tests run: 3, Failures: 1, Errors: 0, Skipped: 0, Time elapsed: 93.812 s <<< FAILURE! - in com.vytrack.runners.CukesRunner
Default page number(Contacts page)  Time elapsed: 64.412 s  <<< FAILURE!
java.lang.AssertionError: expected: java.lang.String<1> but was: java.lang.Integer<1>

