-------------------------------------------------------------------------------
Test set: com.vytrack.runners.FailedTestRunner
-------------------------------------------------------------------------------
Tests run: 1, Failures: 1, Errors: 0, Skipped: 0, Time elapsed: 47.833 s <<< FAILURE! - in com.vytrack.runners.FailedTestRunner
Default page number(Contacts page)  Time elapsed: 47.83 s  <<< FAILURE!
java.lang.AssertionError: expected: java.lang.String<1> but was: java.lang.Integer<1>

